Assuming unrestricted shared filesystem usage.
host: hpc3-15-21
Building DAG of jobs...
Using shell: /usr/bin/bash
Provided cores: 8
Rules claiming more threads will be scaled down.
Job stats:
job      count
-----  -------
all          1
mkref        1
total        2

Select jobs to execute...
Execute 1 jobs...

[Fri Jun 20 16:52:27 2025]
localrule mkref:
    input: /dfs6/pub/itamburi/CAD_snrnaseq/logs/.init
    output: /dfs6/pub/itamburi/CAD_snrnaseq/log/mkref.done
    log: /dfs6/pub/itamburi/CAD_snrnaseq/logs/mkref.log
    jobid: 2
    reason: Missing output files: /dfs6/pub/itamburi/CAD_snrnaseq/log/mkref.done
    threads: 8
    resources: tmpdir=/tmp/itamburi/39793618
Shell command: 
        module load cellranger/8.0.1
        cd /dfs6/pub/itamburi/CAD_snrnaseq
        cellranger mkref           --nthreads=8           --genome=cellranger_GRCh38           --fasta=/dfs6/pub/itamburi/refs/GRCh_ensembl/Homo_sapiens.GRCh38.dna.primary_assembly.fa           --genes=/dfs6/pub/itamburi/refs/GRCh_ensembl/Homo_sapiens.GRCh38.114.gtf.gz           &> /dfs6/pub/itamburi/CAD_snrnaseq/logs/mkref.log
          touch /dfs6/pub/itamburi/CAD_snrnaseq/log/mkref.done
        
[Fri Jun 20 17:17:40 2025]
Finished jobid: 2 (Rule: mkref)
1 of 2 steps (50%) done
Select jobs to execute...
Execute 1 jobs...

[Fri Jun 20 17:17:40 2025]
localrule all:
    input: /dfs6/pub/itamburi/CAD_snrnaseq/logs/.init, /dfs6/pub/itamburi/CAD_snrnaseq/log/mkref.done
    jobid: 0
    reason: Input files updated by another job: /dfs6/pub/itamburi/CAD_snrnaseq/log/mkref.done
    resources: tmpdir=/tmp/itamburi/39793618
Shell command: None
[Fri Jun 20 17:17:40 2025]
Finished jobid: 0 (Rule: all)
2 of 2 steps (100%) done
Complete log(s): /dfs6/pub/itamburi/CAD_snrnaseq/.snakemake/log/2025-06-20T165227.233288.snakemake.log
